生成启动时间为 2014/2/24 14:01:04。
     1>项目“C:\Users\bao\Documents\GitHub\---------\幼儿园信息管理系统\ForKids\ForKids\ForKids.vcxproj”在节点 2 上(build 个目标)。
     1>InitializeBuildStatus:
         正在创建“Debug\ForKids.unsuccessfulbuild”，因为已指定“AlwaysCreate”。
       GenerateTargetFrameworkMonikerAttribute:
       正在跳过目标“GenerateTargetFrameworkMonikerAttribute”，因为所有输出文件相对于输入文件而言都是最新的。
       ClCompile:
         所有输出均为最新。
         所有输出均为最新。
         所有输出均为最新。
         所有输出均为最新。
       CoreResGen:
         没有相对于源文件而言已过期的资源。正在跳过资源生成操作。
       ResourceCompile:
         C:\Program Files\Microsoft SDKs\Windows\v7.0A\bin\rc.exe /D _DEBUG /D _UNICODE /D UNICODE /D _AFXDLL /l"0x0804" /IDebug\ /nologo /fo"Debug\ForKids.res" ForKids.rc 
       Link:
         D:\Program Files\Microsoft Visual Studio 10.0\VC\bin\link.exe /ERRORREPORT:PROMPT /OUT:"C:\Users\bao\Documents\GitHub\---------\幼儿园信息管理系统\ForKids\Debug\ForKids.exe" /INCREMENTAL /NOLOGO /ASSEMBLYRESOURCE:Debug\ForKids.AboutForm.resources /MANIFEST /ManifestFile:"Debug\ForKids.exe.intermediate.manifest" /MANIFESTUAC:"level='asInvoker' uiAccess='false'" /DEBUG /PDB:"C:\Users\bao\Documents\GitHub\---------\幼儿园信息管理系统\ForKids\Debug\ForKids.pdb" /ASSEMBLYDEBUG /SUBSYSTEM:WINDOWS /TLBID:1 /ENTRY:"wWinMainCRTStartup" /DYNAMICBASE /FIXED:NO /NXCOMPAT /MACHINE:X86 Debug\ForKids.res
         Debug\AboutForm.obj
         Debug\CalendarBar.obj
         Debug\ForKids.obj
         Debug\ForKidsDoc.obj
         Debug\ForKidsView.obj
         Debug\MainFrm.obj
         Debug\stdafx.obj
         "Debug\.NETFramework,Version=v4.0.AssemblyAttributes.obj"
         ForKids.vcxproj -> C:\Users\bao\Documents\GitHub\---------\幼儿园信息管理系统\ForKids\Debug\ForKids.exe
       Manifest:
         C:\Program Files\Microsoft SDKs\Windows\v7.0A\bin\mt.exe /nologo /verbose /outputresource:"C:\Users\bao\Documents\GitHub\---------\幼儿园信息管理系统\ForKids\Debug\ForKids.exe;#1" /manifest Debug\ForKids.exe.intermediate.manifest "D:\Program Files\Microsoft Visual Studio 10.0\VC\Include\Manifest\dpiaware.manifest"
       FinalizeBuildStatus:
         正在删除文件“Debug\ForKids.unsuccessfulbuild”。
         正在对“Debug\ForKids.lastbuildstate”执行 Touch 任务。
     1>已完成生成项目“C:\Users\bao\Documents\GitHub\---------\幼儿园信息管理系统\ForKids\ForKids\ForKids.vcxproj”(build 个目标)的操作。

生成成功。

已用时间 00:00:03.50
